# JRE version: OpenJDK Runtime Environment Microsoft-13106358 (17.0.18+8) (build 17.0.18+8-LTS)
# Java VM: OpenJDK 64-Bit Server VM Microsoft-13106358 (17.0.18+8-LTS, mixed mode, emulated-client, sharing, tiered, compressed oops, compressed class ptrs, g1 gc, windows-amd64)
GC Precious Log:
 CPUs: 16 total, 16 available
 Memory: 14188M
 Large Page Support: Disabled
 NUMA Support: Disabled
 Compressed Oops: Enabled (Zero based)
 Heap Region Size: 2M
 Heap Min Capacity: 8M
 Heap Initial Capacity: 222M
 Heap Max Capacity: 3548M
 Pre-touch: Disabled
 Parallel Workers: 13
 Concurrent Workers: 3
 Concurrent Refinement Workers: 13
 Periodic GC: Disabled
Heap:
 garbage-first heap   total 81920K, used 55307K [0x0000000722400000, 0x0000000800000000)
  region size 2048K, 19 young (38912K), 3 survivors (6144K)
 Metaspace       used 51143K, committed 51648K, reserved 1114112K
  class space    used 6767K, committed 7040K, reserved 1048576K
GC Heap History (20 events):
Event: 1.093 GC heap before
{Heap before GC invocations=1 (full 0):
 garbage-first heap   total 227328K, used 27138K [0x0000000722400000, 0x0000000800000000)
  region size 2048K, 12 young (24576K), 2 survivors (4096K)
 Metaspace       used 11982K, committed 12224K, reserved 1114112K
  class space    used 1627K, committed 1728K, reserved 1048576K
}
Event: 1.096 GC heap after
{Heap after GC invocations=2 (full 0):
 garbage-first heap   total 227328K, used 8649K [0x0000000722400000, 0x0000000800000000)
  region size 2048K, 1 young (2048K), 1 survivors (2048K)
 Metaspace       used 11982K, committed 12224K, reserved 1114112K
  class space    used 1627K, committed 1728K, reserved 1048576K
}
Event: 1.550 GC heap before
{Heap before GC invocations=2 (full 0):
 garbage-first heap   total 227328K, used 53705K [0x0000000722400000, 0x0000000800000000)
  region size 2048K, 25 young (51200K), 1 survivors (2048K)
 Metaspace       used 21225K, committed 21504K, reserved 1114112K
  class space    used 2919K, committed 3072K, reserved 1048576K
}
Event: 1.553 GC heap after
{Heap after GC invocations=3 (full 0):
 garbage-first heap   total 227328K, used 11225K [0x0000000722400000, 0x0000000800000000)
  region size 2048K, 3 young (6144K), 3 survivors (6144K)
 Metaspace       used 21225K, committed 21504K, reserved 1114112K
  class space    used 2919K, committed 3072K, reserved 1048576K
}
Event: 1.892 GC heap before
{Heap before GC invocations=4 (full 0):
 garbage-first heap   total 55296K, used 41945K [0x0000000722400000, 0x0000000800000000)
  region size 2048K, 18 young (36864K), 3 survivors (6144K)
 Metaspace       used 23677K, committed 24000K, reserved 1114112K
  class space    used 3286K, committed 3456K, reserved 1048576K
}
Event: 1.897 GC heap after
{Heap after GC invocations=5 (full 0):
 garbage-first heap   total 55296K, used 12772K [0x0000000722400000, 0x0000000800000000)
  region size 2048K, 3 young (6144K), 3 survivors (6144K)
 Metaspace       used 23677K, committed 24000K, reserved 1114112K
  class space    used 3286K, committed 3456K, reserved 1048576K
}
Event: 1.926 GC heap before
{Heap before GC invocations=5 (full 0):
 garbage-first heap   total 55296K, used 14820K [0x0000000722400000, 0x0000000800000000)
  region size 2048K, 4 young (8192K), 3 survivors (6144K)
 Metaspace       used 24017K, committed 24384K, reserved 1114112K
  class space    used 3338K, committed 3520K, reserved 1048576K
}
Event: 1.930 GC heap after
{Heap after GC invocations=6 (full 0):
 garbage-first heap   total 55296K, used 13227K [0x0000000722400000, 0x0000000800000000)
  region size 2048K, 1 young (2048K), 1 survivors (2048K)
 Metaspace       used 24017K, committed 24384K, reserved 1114112K
  class space    used 3338K, committed 3520K, reserved 1048576K
}
Event: 2.272 GC heap before
{Heap before GC invocations=6 (full 0):
 garbage-first heap   total 55296K, used 31659K [0x0000000722400000, 0x0000000800000000)
  region size 2048K, 11 young (22528K), 1 survivors (2048K)
 Metaspace       used 27264K, committed 27648K, reserved 1114112K
  class space    used 3844K, committed 4032K, reserved 1048576K
}
Event: 2.276 GC heap after
{Heap after GC invocations=7 (full 0):
 garbage-first heap   total 141312K, used 15046K [0x0000000722400000, 0x0000000800000000)
  region size 2048K, 2 young (4096K), 2 survivors (4096K)
 Metaspace       used 27264K, committed 27648K, reserved 1114112K
  class space    used 3844K, committed 4032K, reserved 1048576K
}
Event: 3.099 GC heap before
{Heap before GC invocations=7 (full 0):
 garbage-first heap   total 141312K, used 94918K [0x0000000722400000, 0x0000000800000000)
  region size 2048K, 41 young (83968K), 2 survivors (4096K)
 Metaspace       used 35272K, committed 35712K, reserved 1114112K
  class space    used 4855K, committed 5056K, reserved 1048576K
}
Event: 3.102 GC heap after
{Heap after GC invocations=8 (full 0):
 garbage-first heap   total 141312K, used 18378K [0x0000000722400000, 0x0000000800000000)
  region size 2048K, 3 young (6144K), 3 survivors (6144K)
 Metaspace       used 35272K, committed 35712K, reserved 1114112K
  class space    used 4855K, committed 5056K, reserved 1048576K
}
Event: 3.201 GC heap before
{Heap before GC invocations=8 (full 0):
 garbage-first heap   total 141312K, used 49098K [0x0000000722400000, 0x0000000800000000)
  region size 2048K, 19 young (38912K), 3 survivors (6144K)
 Metaspace       used 35612K, committed 35968K, reserved 1114112K
  class space    used 4877K, committed 5056K, reserved 1048576K
}
Event: 3.204 GC heap after
{Heap after GC invocations=9 (full 0):
 garbage-first heap   total 141312K, used 19259K [0x0000000722400000, 0x0000000800000000)
  region size 2048K, 4 young (8192K), 4 survivors (8192K)
 Metaspace       used 35612K, committed 35968K, reserved 1114112K
  class space    used 4877K, committed 5056K, reserved 1048576K
}
Event: 3.706 GC heap before
{Heap before GC invocations=10 (full 0):
 garbage-first heap   total 81920K, used 60219K [0x0000000722400000, 0x0000000800000000)
  region size 2048K, 24 young (49152K), 4 survivors (8192K)
 Metaspace       used 39924K, committed 40320K, reserved 1114112K
  class space    used 5517K, committed 5696K, reserved 1048576K
}
Event: 3.710 GC heap after
{Heap after GC invocations=11 (full 0):
 garbage-first heap   total 81920K, used 22799K [0x0000000722400000, 0x0000000800000000)
  region size 2048K, 3 young (6144K), 3 survivors (6144K)
 Metaspace       used 39924K, committed 40320K, reserved 1114112K
  class space    used 5517K, committed 5696K, reserved 1048576K
}
Event: 4.127 GC heap before
{Heap before GC invocations=11 (full 0):
 garbage-first heap   total 81920K, used 24847K [0x0000000722400000, 0x0000000800000000)
  region size 2048K, 4 young (8192K), 3 survivors (6144K)
 Metaspace       used 40403K, committed 40832K, reserved 1114112K
  class space    used 5579K, committed 5824K, reserved 1048576K
}
Event: 4.130 GC heap after
{Heap after GC invocations=12 (full 0):
 garbage-first heap   total 81920K, used 23271K [0x0000000722400000, 0x0000000800000000)
  region size 2048K, 1 young (2048K), 1 survivors (2048K)
 Metaspace       used 40403K, committed 40832K, reserved 1114112K
  class space    used 5579K, committed 5824K, reserved 1048576K
}
Event: 108.876 GC heap before
{Heap before GC invocations=12 (full 0):
 garbage-first heap   total 81920K, used 60135K [0x0000000722400000, 0x0000000800000000)
  region size 2048K, 20 young (40960K), 1 survivors (2048K)
 Metaspace       used 48001K, committed 48448K, reserved 1114112K
  class space    used 6488K, committed 6720K, reserved 1048576K
}
Event: 108.885 GC heap after
{Heap after GC invocations=13 (full 0):
 garbage-first heap   total 81920K, used 26635K [0x0000000722400000, 0x0000000800000000)
  region size 2048K, 3 young (6144K), 3 survivors (6144K)
 Metaspace       used 48001K, committed 48448K, reserved 1114112K
  class space    used 6488K, committed 6720K, reserved 1048576K
}

